<?xml version="1.0" encoding="UTF-8"?>
<!-- Generated by org.testng.reporters.JUnitReportReporter -->
<testsuite hostname="AshokRavis-MacBook-Pro.local" failures="0" tests="5" name="Advanced.parallelTest" time="0.051" errors="0" timestamp="2024-06-21T22:19:56 IST" skipped="0">
  <testcase classname="Advanced.parallelTest" name="test1" time="0.012"/>
  <system-out/>
  <testcase classname="Advanced.parallelTest" name="test1" time="0.012"/>
  <system-out/>
  <testcase classname="Advanced.parallelTest" name="test2" time="0.012"/>
  <system-out/>
  <testcase classname="Advanced.parallelTest" name="test1" time="0.012"/>
  <system-out/>
  <testcase classname="Advanced.parallelTest" name="test3" time="0.003"/>
  <system-out/>
</testsuite> <!-- Advanced.parallelTest -->
