<?xml version="1.0" encoding="UTF-8"?>
<!-- Generated by org.testng.reporters.JUnitReportReporter -->
<testsuite hostname="AshokRavis-MacBook-Pro.local" failures="0" tests="6" name="Advanced.Testing" time="0.013" errors="0" timestamp="2024-06-22T13:25:56 IST" skipped="0">
  <testcase classname="Advanced.Testing" name="methodTesting1" time="0.009"/>
  <system-out/>
  <testcase classname="Advanced.Testing" name="methodTesting2" time="0.001"/>
  <system-out/>
  <testcase classname="Advanced.Testing" name="methodTesting4" time="0.001"/>
  <system-out/>
  <testcase classname="Advanced.Testing" name="methodTesting5" time="0.001"/>
  <system-out/>
  <testcase classname="Advanced.Testing" name="methodTesting6" time="0.000"/>
  <system-out/>
  <testcase classname="Advanced.Testing" name="methodTesting3" time="0.001"/>
  <system-out/>
</testsuite> <!-- Advanced.Testing -->
