<?xml version="1.0" encoding="UTF-8"?>
<!-- Generated by org.testng.reporters.JUnitReportReporter -->
<testsuite hostname="AshokRavis-MacBook-Pro.local" failures="0" tests="5" name="Basics.priorityTest" time="0.016" errors="0" timestamp="2024-06-21T21:58:20 IST" skipped="0">
  <testcase classname="Basics.priorityTest" name="testd" time="0.008"/>
  <system-out/>
  <testcase classname="Basics.priorityTest" name="testc" time="0.002"/>
  <system-out/>
  <testcase classname="Basics.priorityTest" name="testB" time="0.002"/>
  <system-out/>
  <testcase classname="Basics.priorityTest" name="testg" time="0.003"/>
  <system-out/>
  <testcase classname="Basics.priorityTest" name="testa" time="0.001"/>
  <system-out/>
</testsuite> <!-- Basics.priorityTest -->
