<?xml version="1.0" encoding="UTF-8"?>
<!-- Generated by org.testng.reporters.JUnitReportReporter -->
<testsuite hostname="AshokRavis-MacBook-Pro.local" failures="0" tests="8" name="Basics.dependMethods" time="0.011" errors="0" timestamp="2024-06-21T21:58:20 IST" skipped="0">
  <testcase classname="Basics.dependMethods" name="test8" time="0.001"/>
  <system-out/>
  <testcase classname="Basics.dependMethods" name="test4" time="0.001"/>
  <system-out/>
  <testcase classname="Basics.dependMethods" name="test2" time="0.001"/>
  <system-out/>
  <testcase classname="Basics.dependMethods" name="test3" time="0.001"/>
  <system-out/>
  <testcase classname="Basics.dependMethods" name="test1" time="0.001"/>
  <system-out/>
  <testcase classname="Basics.dependMethods" name="test6" time="0.002"/>
  <system-out/>
  <testcase classname="Basics.dependMethods" name="test5" time="0.001"/>
  <system-out/>
  <testcase classname="Basics.dependMethods" name="test7" time="0.003"/>
  <system-out/>
</testsuite> <!-- Basics.dependMethods -->
