<?xml version="1.0" encoding="UTF-8"?>
<!-- Generated by org.testng.reporters.JUnitReportReporter -->
<testsuite hostname="AshokRavis-MacBook-Pro.local" failures="0" tests="2" name="Basics.Parameterization" time="0.012" errors="0" timestamp="2024-06-21T11:55:06 IST" skipped="1">
  <testcase classname="Basics.Parameterization" name="test2" time="0.012"/>
  <system-out/>
  <testcase classname="Basics.Parameterization" name="test1">
    <skipped/>
  </testcase> <!-- test1 -->
  <system-out/>
</testsuite> <!-- Basics.Parameterization -->
